<?xml version="1.0" encoding="UTF-8"?>
<!-- Generated by org.testng.reporters.JUnitReportReporter -->
<testsuite hostname="Ramesh" failures="0" tests="1" name="mylocal.practice.TestNGPractice.secondTest" time="0.003" errors="0" timestamp="23 Nov 2023 23:58:02 GMT" skipped="0">
  <testcase classname="mylocal.practice.TestNGPractice.secondTest" name="f" time="0.003"/>
</testsuite> <!-- mylocal.practice.TestNGPractice.secondTest -->
