<?xml version="1.0" encoding="UTF-8"?>
<!-- Generated by org.testng.reporters.JUnitReportReporter -->
<testsuite hostname="Ramesh" failures="0" tests="1" name="mylocal.practice.TestNGPractice.FirstTest" time="0.004" errors="0" timestamp="2023-11-24T04:15:45 IST" skipped="0">
  <testcase classname="mylocal.practice.TestNGPractice.FirstTest" name="f" time="0.004"/>
</testsuite> <!-- mylocal.practice.TestNGPractice.FirstTest -->
