<?xml version="1.0" encoding="UTF-8"?>
<!-- Generated by org.testng.reporters.JUnitReportReporter -->
<testsuite hostname="Ramesh" failures="0" tests="1" name="mylocal.practice.TestNGPractice.ThirdTest" time="0.003" errors="0" timestamp="2023-11-24T04:15:45 IST" skipped="0">
  <testcase classname="mylocal.practice.TestNGPractice.ThirdTest" name="f" time="0.003"/>
</testsuite> <!-- mylocal.practice.TestNGPractice.ThirdTest -->
