<?xml version="1.0" encoding="UTF-8"?>
<!-- Generated by org.testng.reporters.JUnitReportReporter -->
<testsuite hostname="Ramesh" failures="0" tests="1" name="mylocal.practice.TestNGPractice.Google" time="3.771" errors="0" timestamp="24 Nov 2023 08:37:32 GMT" skipped="0">
  <testcase classname="mylocal.practice.TestNGPractice.Google" name="getPageTitle" time="3.771"/>
</testsuite> <!-- mylocal.practice.TestNGPractice.Google -->
