<?xml version="1.0" encoding="UTF-8"?>
<!-- Generated by org.testng.reporters.JUnitReportReporter -->
<testsuite hostname="Ramesh" failures="0" tests="1" name="mylocal.practice.TestNGPractice.FourthTest" time="0.001" errors="0" timestamp="24 Nov 2023 07:50:50 GMT" skipped="0">
  <testcase classname="mylocal.practice.TestNGPractice.FourthTest" name="f" time="0.001"/>
</testsuite> <!-- mylocal.practice.TestNGPractice.FourthTest -->
