<?xml version="1.0" encoding="UTF-8"?>
<!-- Generated by org.testng.reporters.JUnitReportReporter -->
<testsuite hostname="Ramesh" failures="0" tests="1" name="mylocal.practice.TestNGPractice.secondTest" time="0.001" errors="0" timestamp="24 Nov 2023 08:37:32 GMT" skipped="0">
  <testcase classname="mylocal.practice.TestNGPractice.secondTest" name="f" time="0.001"/>
</testsuite> <!-- mylocal.practice.TestNGPractice.secondTest -->
